<?xml version="1.0" encoding="UTF-8"?>
<!-- Generated by org.testng.reporters.JUnitReportReporter -->
<testsuite skipped="0" hostname="roopeshs-mbp.lan" name="com.TestTranslator.TestNG" tests="1" failures="0" timestamp="2022-03-22T11:37:44 CDT" time="10.239" errors="0">
  <testcase name="googlePage" time="10.239" classname="com.TestTranslator.TestNG"/>
  <system-out/>
</testsuite> <!-- com.TestTranslator.TestNG -->
